<?xml version="1.0" encoding="UTF-8"?>
<testsuites name="Smoke" time="19" tests="0" failures="0" errors="1">
   <testsuite name="Smoke" tests="0" failures="0" errors="1" time="19" timestamp="2018-07-12 17:06:05" hostname="vernon.cenzon - 10.100.216.73" id="Test Suites/Smoke">
      <properties>
         <property name="deviceName" value=""/>
         <property name="devicePlatform" value=""/>
         <property name="logFolder" value="/Users/vernon.cenzon/Documents/katalon/katalon-poc-phptravels/Reports/Smoke/20180712_170603"/>
         <property name="logFiles" value="/Users/vernon.cenzon/Documents/katalon/katalon-poc-phptravels/Reports/Smoke/20180712_170603/execution0.log"/>
         <property name="attachments" value=""/>
         <property name="hostName" value="vernon.cenzon - 10.100.216.73"/>
         <property name="os" value="Mac OS X 64bit"/>
         <property name="katalonVersion" value="5.4.2.1"/>
         <property name="browser" value="Firefox 61.0"/>
         <property name="hostAddress" value="10.100.216.73"/>
         <property name="sessionId" value="8bef379e-6d59-8641-929d-b50e34b4614a"/>
         <property name="seleniumVersion" value="3.7.1"/>
         <property name="proxyInformation" value="ProxyInformation{proxyOption=NO_PROXY, proxyServerType=HTTP, password=, proxyServerAddress=, proxyServerPort=0}"/>
         <property name="platform" value="Mac OS X"/>
      </properties>
      <testcase name="Test Cases/Valid login" classname="Test Cases/Valid login" status="ERROR">
         <error type="ERROR" message="Test Cases/Valid login FAILED because (of) java.lang.IllegalArgumentException: Invalid column name 'value' for test data '/Users/vernon.cenzon/Documents/katalon/katalon-poc-phptravels/Data Files/Input.dat'. Possible values are '{Key,Value}'"/>
         <system-out><![CDATA[2018-07-12 17:06:06 - [TEST_CASE][ERROR] - Test Cases/Valid login: Test Cases/Valid login FAILED because (of) java.lang.IllegalArgumentException: Invalid column name 'value' for test data '/Users/vernon.cenzon/Documents/katalon/katalon-poc-phptravels/Data Files/Input.dat'. Possible values are '{Key,Value}'

2018-07-12 17:06:06 - [TEST_STEP][PASSED] - openBrowser: Browser is opened with url: ''

2018-07-12 17:06:12 - [MESSAGE][PASSED] - Browser is opened with url: ''

2018-07-12 17:06:12 - [TEST_STEP][PASSED] - navigateToUrl: Navigate to 'https://www.phptravels.net/' successfully

2018-07-12 17:06:19 - [MESSAGE][PASSED] - Navigate to 'https://www.phptravels.net/' successfully

2018-07-12 17:06:19 - [TEST_STEP][PASSED] - click: Object: 'Object Repository/HomePage/myAccountMenu' is clicked on

2018-07-12 17:06:20 - [MESSAGE][PASSED] - Object: 'Object Repository/HomePage/myAccountMenu' is clicked on

2018-07-12 17:06:20 - [TEST_STEP][PASSED] - click: Object: 'Object Repository/HomePage/loginSubmenu' is clicked on

2018-07-12 17:06:22 - [MESSAGE][PASSED] - Object: 'Object Repository/HomePage/loginSubmenu' is clicked on

2018-07-12 17:06:22 - [TEST_STEP][PASSED] - customcommands.WaitVisibleAndSetValue.waitVisibleAndSetValue: customcommands.WaitVisibleAndSetValue.waitVisibleAndSetValue is PASSED

2018-07-12 17:06:23 - [MESSAGE][PASSED] - Object 'Object Repository/LoginPage/usernameField' is visible

2018-07-12 17:06:23 - [MESSAGE][PASSED] - Text 'user@phptravels.com' is set on object 'Object Repository/LoginPage/usernameField'

2018-07-12 17:06:23 - [MESSAGE][PASSED] - customcommands.WaitVisibleAndSetValue.waitVisibleAndSetValue is PASSED

2018-07-12 17:06:23 - [TEST_STEP][PASSED] - customcommands.WaitVisibleAndSetValue.waitVisibleAndSetValue: customcommands.WaitVisibleAndSetValue.waitVisibleAndSetValue is PASSED

2018-07-12 17:06:24 - [MESSAGE][PASSED] - Object 'Object Repository/LoginPage/passwordField' is visible

2018-07-12 17:06:24 - [MESSAGE][PASSED] - Text 'demouser' is set on object 'Object Repository/LoginPage/passwordField'

2018-07-12 17:06:24 - [MESSAGE][PASSED] - customcommands.WaitVisibleAndSetValue.waitVisibleAndSetValue is PASSED

2018-07-12 17:06:24 - [TEST_STEP][PASSED] - waitForElementVisible: Object 'Object Repository/LoginPage/loginBtn' is visible

2018-07-12 17:06:24 - [MESSAGE][WARNING] - Timeout '0' is invalid. Using default page load timeout: '30'

2018-07-12 17:06:24 - [MESSAGE][PASSED] - Object 'Object Repository/LoginPage/loginBtn' is visible

2018-07-12 17:06:24 - [TEST_STEP][PASSED] - click: Object: 'Object Repository/LoginPage/loginBtn' is clicked on

2018-07-12 17:06:24 - [MESSAGE][PASSED] - Object: 'Object Repository/LoginPage/loginBtn' is clicked on

2018-07-12 17:06:24 - [TEST_STEP][PASSED] - waitForElementNotPresent: Web element with id: 'Object Repository/LoginPage/loginSpiel' located by 'By.xpath: //div[(text() = 'Redirecting Please Wait...' or . = 'Redirecting Please Wait...')]' is not present after '30' second(s)

2018-07-12 17:06:24 - [MESSAGE][WARNING] - Timeout '0' is invalid. Using default page load timeout: '30'

2018-07-12 17:06:24 - [MESSAGE][PASSED] - Web element with id: 'Object Repository/LoginPage/loginSpiel' located by 'By.xpath: //div[(text() = 'Redirecting Please Wait...' or . = 'Redirecting Please Wait...')]' is not present after '30' second(s)

2018-07-12 17:06:24 - [TEST_STEP][PASSED] - verifyElementVisible: Object 'Object Repository/MyAccountPage/accountMenu' is visible

2018-07-12 17:06:24 - [MESSAGE][PASSED] - Object 'Object Repository/MyAccountPage/accountMenu' is visible

2018-07-12 17:06:24 - [TEST_STEP][PASSED] - verifyElementText: Test data is internal data, reading internal data]]></system-out>
         <system-err><![CDATA[2018-07-12 17:06:06 - [TEST_CASE][ERROR] - Test Cases/Valid login: Test Cases/Valid login FAILED because (of) java.lang.IllegalArgumentException: Invalid column name 'value' for test data '/Users/vernon.cenzon/Documents/katalon/katalon-poc-phptravels/Data Files/Input.dat'. Possible values are '{Key,Value}']]></system-err>
      </testcase>
      <system-out><![CDATA[2018-07-12 17:06:05 - [TEST_SUITE][ERROR] - Smoke: Test Cases/Valid login FAILED because (of) java.lang.IllegalArgumentException: Invalid column name 'value' for test data '/Users/vernon.cenzon/Documents/katalon/katalon-poc-phptravels/Data Files/Input.dat'. Possible values are '{Key,Value}']]></system-out>
      <system-err><![CDATA[2018-07-12 17:06:05 - [TEST_SUITE][ERROR] - Smoke: Test Cases/Valid login FAILED because (of) java.lang.IllegalArgumentException: Invalid column name 'value' for test data '/Users/vernon.cenzon/Documents/katalon/katalon-poc-phptravels/Data Files/Input.dat'. Possible values are '{Key,Value}']]></system-err>
   </testsuite>
</testsuites>
